<?xml version="1.0" encoding="UTF-8"?>
<!-- Generated by org.testng.reporters.JUnitXMLReporter -->
<testsuite ignored="0" hostname="GROSU-IT" failures="0" tests="6" name="Default test" time="47.618" errors="0" timestamp="29 мая 2019 04:36:22 GMT">
  <testcase classname="com.SeleniumPractice.SeleniumPractice.ParkingCalculator" name="parckingCalc" time="47.093"/>
  <testcase classname="com.SeleniumPractice.SeleniumPractice.ParkingCalculator" name="parckingCalc" time="47.104"/>
  <testcase classname="com.SeleniumPractice.SeleniumPractice.ParkingCalculator" name="parckingCalc" time="47.136"/>
  <testcase classname="com.SeleniumPractice.SeleniumPractice.ParkingCalculator" name="parckingCalc" time="47.164"/>
  <testcase classname="com.SeleniumPractice.SeleniumPractice.ParkingCalculator" name="parckingCalc" time="47.172"/>
  <testcase classname="com.SeleniumPractice.SeleniumPractice.ParkingCalculator" name="parckingCalc" time="47.189"/>
</testsuite> <!-- Default test -->
