<?xml version="1.0" encoding="UTF-8"?>
<testng-results ignored="0" total="6" passed="6" failed="0" skipped="0">
  <reporter-output>
  </reporter-output>
  <suite started-at="2019-05-29T04:35:28Z" name="Default suite" finished-at="2019-05-29T04:36:16Z" duration-ms="47618">
    <groups>
    </groups>
    <test started-at="2019-05-29T04:35:28Z" name="Default test" finished-at="2019-05-29T04:36:16Z" duration-ms="47618">
      <class name="com.SeleniumPractice.SeleniumPractice.ParkingCalculator">
        <test-method signature="parckingCalc(java.lang.String, java.lang.String, java.lang.String, java.lang.String, java.lang.String, java.lang.String, java.lang.String, java.lang.String, java.lang.String)[pri:0, instance:com.SeleniumPractice.SeleniumPractice.ParkingCalculator@1757cd72]" started-at="2019-05-29T04:35:28Z" name="parckingCalc" data-provider="ValidDataProvider" finished-at="2019-05-29T04:36:15Z" duration-ms="47164" status="PASS">
          <params>
            <param index="0">
              <value>
                <![CDATA[Economy Parking]]>
              </value>
            </param>
            <param index="1">
              <value>
                <![CDATA[06:03]]>
              </value>
            </param>
            <param index="2">
              <value>
                <![CDATA[PM]]>
              </value>
            </param>
            <param index="3">
              <value>
                <![CDATA[04.11.2010]]>
              </value>
            </param>
            <param index="4">
              <value>
                <![CDATA[11:50]]>
              </value>
            </param>
            <param index="5">
              <value>
                <![CDATA[AM]]>
              </value>
            </param>
            <param index="6">
              <value>
                <![CDATA[11.25.2012]]>
              </value>
            </param>
            <param index="7">
              <value>
                <![CDATA[$ 1,656.00]]>
              </value>
            </param>
            <param index="8">
              <value>
                <![CDATA[(213 Days, 17 Hours, 47 Minutes)]]>
              </value>
            </param>
          </params>
          <reporter-output>
          </reporter-output>
        </test-method> <!-- parckingCalc -->
        <test-method signature="parckingCalc(java.lang.String, java.lang.String, java.lang.String, java.lang.String, java.lang.String, java.lang.String, java.lang.String, java.lang.String, java.lang.String)[pri:0, instance:com.SeleniumPractice.SeleniumPractice.ParkingCalculator@1757cd72]" started-at="2019-05-29T04:35:28Z" name="parckingCalc" data-provider="ValidDataProvider" finished-at="2019-05-29T04:36:15Z" duration-ms="47093" status="PASS">
          <params>
            <param index="0">
              <value>
                <![CDATA[Long-Term Surface Parking]]>
              </value>
            </param>
            <param index="1">
              <value>
                <![CDATA[05:10]]>
              </value>
            </param>
            <param index="2">
              <value>
                <![CDATA[AM]]>
              </value>
            </param>
            <param index="3">
              <value>
                <![CDATA[02.15.2013]]>
              </value>
            </param>
            <param index="4">
              <value>
                <![CDATA[04:50]]>
              </value>
            </param>
            <param index="5">
              <value>
                <![CDATA[PM]]>
              </value>
            </param>
            <param index="6">
              <value>
                <![CDATA[05.23.2013]]>
              </value>
            </param>
            <param index="7">
              <value>
                <![CDATA[$ 780.00]]>
              </value>
            </param>
            <param index="8">
              <value>
                <![CDATA[(90 Days, 11 Hours, 40 Minutes)]]>
              </value>
            </param>
          </params>
          <reporter-output>
          </reporter-output>
        </test-method> <!-- parckingCalc -->
        <test-method signature="parckingCalc(java.lang.String, java.lang.String, java.lang.String, java.lang.String, java.lang.String, java.lang.String, java.lang.String, java.lang.String, java.lang.String)[pri:0, instance:com.SeleniumPractice.SeleniumPractice.ParkingCalculator@1757cd72]" started-at="2019-05-29T04:35:28Z" name="parckingCalc" data-provider="ValidDataProvider" finished-at="2019-05-29T04:36:15Z" duration-ms="47189" status="PASS">
          <params>
            <param index="0">
              <value>
                <![CDATA[Long-Term Garage Parking]]>
              </value>
            </param>
            <param index="1">
              <value>
                <![CDATA[08:30]]>
              </value>
            </param>
            <param index="2">
              <value>
                <![CDATA[AM]]>
              </value>
            </param>
            <param index="3">
              <value>
                <![CDATA[04.13.2011]]>
              </value>
            </param>
            <param index="4">
              <value>
                <![CDATA[11:50]]>
              </value>
            </param>
            <param index="5">
              <value>
                <![CDATA[AM]]>
              </value>
            </param>
            <param index="6">
              <value>
                <![CDATA[09.25.2013]]>
              </value>
            </param>
            <param index="7">
              <value>
                <![CDATA[$ 1,584.00]]>
              </value>
            </param>
            <param index="8">
              <value>
                <![CDATA[(153 Days, 3 Hours, 20 Minutes)]]>
              </value>
            </param>
          </params>
          <reporter-output>
          </reporter-output>
        </test-method> <!-- parckingCalc -->
        <test-method signature="parckingCalc(java.lang.String, java.lang.String, java.lang.String, java.lang.String, java.lang.String, java.lang.String, java.lang.String, java.lang.String, java.lang.String)[pri:0, instance:com.SeleniumPractice.SeleniumPractice.ParkingCalculator@1757cd72]" started-at="2019-05-29T04:35:28Z" name="parckingCalc" data-provider="ValidDataProvider" finished-at="2019-05-29T04:36:15Z" duration-ms="47172" status="PASS">
          <params>
            <param index="0">
              <value>
                <![CDATA[Economy Parking]]>
              </value>
            </param>
            <param index="1">
              <value>
                <![CDATA[11:00]]>
              </value>
            </param>
            <param index="2">
              <value>
                <![CDATA[PM]]>
              </value>
            </param>
            <param index="3">
              <value>
                <![CDATA[09.20.2014]]>
              </value>
            </param>
            <param index="4">
              <value>
                <![CDATA[04:50]]>
              </value>
            </param>
            <param index="5">
              <value>
                <![CDATA[AM]]>
              </value>
            </param>
            <param index="6">
              <value>
                <![CDATA[10.22.2016]]>
              </value>
            </param>
            <param index="7">
              <value>
                <![CDATA[$ 249.00]]>
              </value>
            </param>
            <param index="8">
              <value>
                <![CDATA[(29 Days, 5 Hours, 50 Minutes)]]>
              </value>
            </param>
          </params>
          <reporter-output>
          </reporter-output>
        </test-method> <!-- parckingCalc -->
        <test-method signature="parckingCalc(java.lang.String, java.lang.String, java.lang.String, java.lang.String, java.lang.String, java.lang.String, java.lang.String, java.lang.String, java.lang.String)[pri:0, instance:com.SeleniumPractice.SeleniumPractice.ParkingCalculator@1757cd72]" started-at="2019-05-29T04:35:28Z" name="parckingCalc" data-provider="ValidDataProvider" finished-at="2019-05-29T04:36:15Z" duration-ms="47136" status="PASS">
          <params>
            <param index="0">
              <value>
                <![CDATA[Valet Parking]]>
              </value>
            </param>
            <param index="1">
              <value>
                <![CDATA[10:00]]>
              </value>
            </param>
            <param index="2">
              <value>
                <![CDATA[PM]]>
              </value>
            </param>
            <param index="3">
              <value>
                <![CDATA[02.15.2009]]>
              </value>
            </param>
            <param index="4">
              <value>
                <![CDATA[11:50]]>
              </value>
            </param>
            <param index="5">
              <value>
                <![CDATA[PM]]>
              </value>
            </param>
            <param index="6">
              <value>
                <![CDATA[09.19.2009]]>
              </value>
            </param>
            <param index="7">
              <value>
                <![CDATA[$ 6,402.00]]>
              </value>
            </param>
            <param index="8">
              <value>
                <![CDATA[(213 Days, 1 Hours, 50 Minutes)]]>
              </value>
            </param>
          </params>
          <reporter-output>
          </reporter-output>
        </test-method> <!-- parckingCalc -->
        <test-method signature="parckingCalc(java.lang.String, java.lang.String, java.lang.String, java.lang.String, java.lang.String, java.lang.String, java.lang.String, java.lang.String, java.lang.String)[pri:0, instance:com.SeleniumPractice.SeleniumPractice.ParkingCalculator@1757cd72]" started-at="2019-05-29T04:35:28Z" name="parckingCalc" data-provider="ValidDataProvider" finished-at="2019-05-29T04:36:15Z" duration-ms="47104" status="PASS">
          <params>
            <param index="0">
              <value>
                <![CDATA[Short-Term Parking]]>
              </value>
            </param>
            <param index="1">
              <value>
                <![CDATA[12:00]]>
              </value>
            </param>
            <param index="2">
              <value>
                <![CDATA[AM]]>
              </value>
            </param>
            <param index="3">
              <value>
                <![CDATA[11.14.2010]]>
              </value>
            </param>
            <param index="4">
              <value>
                <![CDATA[04:50]]>
              </value>
            </param>
            <param index="5">
              <value>
                <![CDATA[AM]]>
              </value>
            </param>
            <param index="6">
              <value>
                <![CDATA[12.23.2010]]>
              </value>
            </param>
            <param index="7">
              <value>
                <![CDATA[$ 790.00]]>
              </value>
            </param>
            <param index="8">
              <value>
                <![CDATA[(30 Days, 4 Hours, 50 Minutes)]]>
              </value>
            </param>
          </params>
          <reporter-output>
          </reporter-output>
        </test-method> <!-- parckingCalc -->
      </class> <!-- com.SeleniumPractice.SeleniumPractice.ParkingCalculator -->
    </test> <!-- Default test -->
  </suite> <!-- Default suite -->
</testng-results>
